[debug] [2021-09-24T19:24:30.923Z] ----------------------------------------------------------------------
[debug] [2021-09-24T19:24:30.929Z] Command:       C:\Program Files\nodejs\node.exe C:\Users\Alex\AppData\Roaming\npm\node_modules\firebase-tools\lib\bin\firebase.js init
[debug] [2021-09-24T19:24:30.930Z] CLI Version:   9.18.0
[debug] [2021-09-24T19:24:30.931Z] Platform:      win32
[debug] [2021-09-24T19:24:30.931Z] Node Version:  v14.17.0
[debug] [2021-09-24T19:24:30.934Z] Time:          Sat Sep 25 2021 00:54:30 GMT+0530 (India Standard Time)
[debug] [2021-09-24T19:24:30.934Z] ----------------------------------------------------------------------
[debug] 
[debug] [2021-09-24T19:24:31.031Z] > command requires scopes: ["email","openid","https://www.googleapis.com/auth/cloudplatformprojects.readonly","https://www.googleapis.com/auth/firebase","https://www.googleapis.com/auth/cloud-platform"]
[debug] [2021-09-24T19:24:31.032Z] > authorizing via signed-in user (alextomy8@gmail.com)
[info] 
     ######## #### ########  ######## ########     ###     ######  ########
     ##        ##  ##     ## ##       ##     ##  ##   ##  ##       ##
     ######    ##  ########  ######   ########  #########  ######  ######
     ##        ##  ##    ##  ##       ##     ## ##     ##       ## ##
     ##       #### ##     ## ######## ########  ##     ##  ######  ########

You're about to initialize a Firebase project in this directory:

  C:\Users\Alex\vscode\linkedin-clone

Before we get started, keep in mind:

  * You are initializing within an existing Firebase project directory

[info] 
=== Project Setup
[info] 
[info] First, let's associate this project directory with a Firebase project.
[info] You can create multiple project aliases by running firebase use --add, 
[info] but for now we'll just set up a default project.
[info] 
[info] i  .firebaserc already has a default project, using linkedin-clone-yt-abca0. 
[debug] [2021-09-24T19:26:00.471Z] >>> [apiv2][query] GET https://firebase.googleapis.com/v1beta1/projects/linkedin-clone-yt-abca0 [none]
[debug] [2021-09-24T19:26:01.169Z] <<< [apiv2][status] GET https://firebase.googleapis.com/v1beta1/projects/linkedin-clone-yt-abca0 403
[debug] [2021-09-24T19:26:01.169Z] <<< [apiv2][body] GET https://firebase.googleapis.com/v1beta1/projects/linkedin-clone-yt-abca0 {"error":{"code":403,"message":"The caller does not have permission","status":"PERMISSION_DENIED"}}
[debug] [2021-09-24T19:26:01.170Z] HTTP Error: 403, The caller does not have permission
[debug] [2021-09-24T19:26:01.427Z] FirebaseError: HTTP Error: 403, The caller does not have permission
    at module.exports (C:\Users\Alex\AppData\Roaming\npm\node_modules\firebase-tools\lib\responseToError.js:38:12)
    at Client.doRequest (C:\Users\Alex\AppData\Roaming\npm\node_modules\firebase-tools\lib\apiv2.js:238:23)
    at processTicksAndRejections (internal/process/task_queues.js:95:5)
    at async Client.request (C:\Users\Alex\AppData\Roaming\npm\node_modules\firebase-tools\lib\apiv2.js:96:20)
    at async Object.getFirebaseProject (C:\Users\Alex\AppData\Roaming\npm\node_modules\firebase-tools\lib\management\projects.js:290:21)
    at async Object.doSetup [as project] (C:\Users\Alex\AppData\Roaming\npm\node_modules\firebase-tools\lib\init\features\project.js:77:27)
    at async init (C:\Users\Alex\AppData\Roaming\npm\node_modules\firebase-tools\lib\init\index.js:19:9)
[error] 
[error] Error: Failed to get Firebase project linkedin-clone-yt-abca0. Please make sure the project exists and your account has permission to access it.
